e:\duzhiqiang\比特51c语言\github\c-puls-puls\c++11\c++11\debug\vc141.pdb
e:\duzhiqiang\比特51c语言\github\c-puls-puls\c++11\c++11\debug\vc141.idb
e:\duzhiqiang\比特51c语言\github\c-puls-puls\c++11\c++11\debug\test.obj
e:\duzhiqiang\比特51c语言\github\c-puls-puls\c++11\debug\c++11.pdb
e:\duzhiqiang\比特51c语言\github\c-puls-puls\c++11\c++11\debug\c++11.tlog\cl.command.1.tlog
e:\duzhiqiang\比特51c语言\github\c-puls-puls\c++11\c++11\debug\c++11.tlog\cl.read.1.tlog
e:\duzhiqiang\比特51c语言\github\c-puls-puls\c++11\c++11\debug\c++11.tlog\cl.write.1.tlog
e:\duzhiqiang\比特51c语言\github\c-puls-puls\c++11\c++11\debug\c++11.tlog\link-cvtres.read.1.tlog
e:\duzhiqiang\比特51c语言\github\c-puls-puls\c++11\c++11\debug\c++11.tlog\link-cvtres.write.1.tlog
e:\duzhiqiang\比特51c语言\github\c-puls-puls\c++11\c++11\debug\c++11.tlog\link-rc.read.1.tlog
e:\duzhiqiang\比特51c语言\github\c-puls-puls\c++11\c++11\debug\c++11.tlog\link-rc.write.1.tlog
e:\duzhiqiang\比特51c语言\github\c-puls-puls\c++11\c++11\debug\c++11.tlog\link.16672-cvtres.read.1.tlog
e:\duzhiqiang\比特51c语言\github\c-puls-puls\c++11\c++11\debug\c++11.tlog\link.16672-cvtres.write.1.tlog
e:\duzhiqiang\比特51c语言\github\c-puls-puls\c++11\c++11\debug\c++11.tlog\link.16672-rc.read.1.tlog
e:\duzhiqiang\比特51c语言\github\c-puls-puls\c++11\c++11\debug\c++11.tlog\link.16672-rc.write.1.tlog
e:\duzhiqiang\比特51c语言\github\c-puls-puls\c++11\c++11\debug\c++11.tlog\link.16672.read.1.tlog
e:\duzhiqiang\比特51c语言\github\c-puls-puls\c++11\c++11\debug\c++11.tlog\link.16672.write.1.tlog
e:\duzhiqiang\比特51c语言\github\c-puls-puls\c++11\c++11\debug\c++11.tlog\link.command.1.tlog
e:\duzhiqiang\比特51c语言\github\c-puls-puls\c++11\c++11\debug\c++11.tlog\link.read.1.tlog
e:\duzhiqiang\比特51c语言\github\c-puls-puls\c++11\c++11\debug\c++11.tlog\link.write.1.tlog
